<?xml version="1.0" encoding="UTF-8"?>
<testsuite name="com.example.dopoon.DopoonApplicationTests" tests="1" skipped="0" failures="0" errors="0" timestamp="2026-08-23T12:08:18.656Z" hostname="heoyuns-MacBook-Air.local" time="1.193">
  <properties/>
  <testcase name="contextLoads()" classname="com.example.dopoon.DopoonApplicationTests" time="0.239"/>
  <system-out><![CDATA[21:08:18.701 [Test worker] INFO org.springframework.test.context.support.AnnotationConfigContextLoaderUtils -- Could not detect default configuration classes for test class [com.example.dopoon.DopoonApplicationTests]: DopoonApplicationTests does not declare any static, non-private, non-final, nested classes annotated with @Configuration.
21:08:18.731 [Test worker] INFO org.springframework.boot.test.context.SpringBootTestContextBootstrapper -- Found @SpringBootConfiguration com.example.dopoon.DopoonApplication for test class com.example.dopoon.DopoonApplicationTests
21:08:18.751 [Test worker] INFO org.springframework.test.context.support.AnnotationConfigContextLoaderUtils -- Could not detect default configuration classes for test class [com.example.dopoon.DopoonApplicationTests]: DopoonApplicationTests does not declare any static, non-private, non-final, nested classes annotated with @Configuration.
21:08:18.752 [Test worker] INFO org.springframework.boot.test.context.SpringBootTestContextBootstrapper -- Found @SpringBootConfiguration com.example.dopoon.DopoonApplication for test class com.example.dopoon.DopoonApplicationTests

  .   ____          _            __ _ _
 /\\ / ___'_ __ _ _(_)_ __  __ _ \ \ \ \
( ( )\___ | '_ | '_| | '_ \/ _` | \ \ \ \
 \\/  ___)| |_)| | | | | || (_| |  ) ) ) )
  '  |____| .__|_| |_|_| |_\__, | / / / /
 =========|_|==============|___/=/_/_/_/

 :: Spring Boot ::                (v4.1.0)

2026-08-23T21:08:18.843+09:00  INFO 54356 --- [dopoon] [    Test worker] c.example.dopoon.DopoonApplicationTests  : Starting DopoonApplicationTests using Java 21.0.10 with PID 54356 (started by heoyun in /Users/huhMac/Documents/IdeaProjects/dopoon)
2026-08-23T21:08:18.843+09:00  INFO 54356 --- [dopoon] [    Test worker] c.example.dopoon.DopoonApplicationTests  : No active profile set, falling back to 1 default profile: "default"
2026-08-23T21:08:18.996+09:00  INFO 54356 --- [dopoon] [    Test worker] .s.d.r.c.RepositoryConfigurationDelegate : Bootstrapping Spring Data JPA repositories in DEFAULT mode.
2026-08-23T21:08:19.002+09:00  INFO 54356 --- [dopoon] [    Test worker] .s.d.r.c.RepositoryConfigurationDelegate : Finished Spring Data repository scanning in 3 ms. Found 0 JPA repository interfaces.
2026-08-23T21:08:19.107+09:00  INFO 54356 --- [dopoon] [    Test worker] org.hibernate.orm.jpa                    : HHH008540: Processing PersistenceUnitInfo [name: default]
2026-08-23T21:08:19.121+09:00  INFO 54356 --- [dopoon] [    Test worker] org.hibernate.orm.core                   : HHH000001: Hibernate ORM core version 7.4.1.Final
2026-08-23T21:08:19.235+09:00  INFO 54356 --- [dopoon] [    Test worker] o.s.o.j.p.SpringPersistenceUnitInfo      : No LoadTimeWeaver setup: ignoring JPA class transformer
2026-08-23T21:08:19.244+09:00  INFO 54356 --- [dopoon] [    Test worker] com.zaxxer.hikari.HikariDataSource       : HikariPool-1 - Starting...
2026-08-23T21:08:19.295+09:00  INFO 54356 --- [dopoon] [    Test worker] com.zaxxer.hikari.pool.HikariPool        : HikariPool-1 - Added connection conn0: url=jdbc:h2:mem:testdb user=SA
2026-08-23T21:08:19.295+09:00  INFO 54356 --- [dopoon] [    Test worker] com.zaxxer.hikari.HikariDataSource       : HikariPool-1 - Start completed.
2026-08-23T21:08:19.302+09:00  WARN 54356 --- [dopoon] [    Test worker] org.hibernate.orm.deprecation            : HHH90000025: H2Dialect does not need to be specified explicitly using 'hibernate.dialect' (remove the property setting and it will be selected by default)
2026-08-23T21:08:19.309+09:00  INFO 54356 --- [dopoon] [    Test worker] org.hibernate.orm.connections.pooling    : HHH10001005: Database info:
	Database JDBC URL [jdbc:h2:mem:testdb]
	Database driver: H2 JDBC Driver
	Database dialect: H2Dialect
	Database version: 2.4.240
	Default catalog/schema: TESTDB/PUBLIC
	Autocommit mode: undefined/unknown
	Isolation level: READ_COMMITTED [default READ_COMMITTED]
	JDBC fetch size: 100
	Pool: DataSourceConnectionProvider
	Minimum pool size: undefined/unknown
	Maximum pool size: undefined/unknown
2026-08-23T21:08:19.428+09:00  INFO 54356 --- [dopoon] [    Test worker] org.hibernate.orm.core                   : HHH000489: No JTA platform available (set 'hibernate.transaction.jta.platform' to enable JTA platform integration)
2026-08-23T21:08:19.445+09:00  INFO 54356 --- [dopoon] [    Test worker] j.LocalContainerEntityManagerFactoryBean : Initialized JPA EntityManagerFactory for persistence unit 'default'
2026-08-23T21:08:19.472+09:00  WARN 54356 --- [dopoon] [    Test worker] JpaBaseConfiguration$JpaWebConfiguration : spring.jpa.open-in-view is enabled by default. Therefore, database queries may be performed during view rendering. Explicitly configure spring.jpa.open-in-view to disable this warning
2026-08-23T21:08:19.570+09:00  INFO 54356 --- [dopoon] [    Test worker] o.s.b.h.a.H2ConsoleAutoConfiguration     : H2 console available at '/h2-console'. Database available at 'jdbc:h2:mem:testdb'
2026-08-23T21:08:19.604+09:00  INFO 54356 --- [dopoon] [    Test worker] c.example.dopoon.DopoonApplicationTests  : Started DopoonApplicationTests in 0.831 seconds (process running for 1.206)
]]></system-out>
  <system-err><![CDATA[Mockito is currently self-attaching to enable the inline-mock-maker. This will no longer work in future releases of the JDK. Please add Mockito as an agent to your build as described in Mockito's documentation: https://javadoc.io/doc/org.mockito/mockito-core/latest/org.mockito/org/mockito/Mockito.html#0.3
WARNING: A Java agent has been loaded dynamically (/Users/huhMac/.gradle/caches/modules-2/files-2.1/net.bytebuddy/byte-buddy-agent/1.18.10/9426d28828bdcdf42666bb7a68c468279ea78f59/byte-buddy-agent-1.18.10.jar)
WARNING: If a serviceability tool is in use, please run with -XX:+EnableDynamicAgentLoading to hide this warning
WARNING: If a serviceability tool is not in use, please run with -Djdk.instrument.traceUsage for more information
WARNING: Dynamic loading of agents will be disallowed by default in a future release
]]></system-err>
</testsuite>
